Using pre-set license
Built from '2020.3/staging' branch; Version is '2020.3.13f1 (71691879b7f5) revision 7432472'; Using compiler version '192528614'; Build Type 'Release'
OS: 'Windows 10 Home; OS build 19042.1288; Version 2009; 64bit' Language: 'en' Physical Memory: 16056 MB
BatchMode: 1, IsHumanControllingUs: 0, StartBugReporterOnCrash: 0, Is64bit: 1, IsPro: 0

 COMMAND LINE ARGUMENTS:
C:\Program Files\Unity\Hub\Editor\2020.3.13f1\Editor\Unity.exe
-adb2
-batchMode
-noUpm
-name
AssetImportWorker0
-projectPath
D:/Game Developing/TankWar
-logFile
Logs/AssetImportWorker0.log
-srvPort
53591
Successfully changed project path to: D:/Game Developing/TankWar
D:/Game Developing/TankWar
Using Asset Import Pipeline V2.
Refreshing native plugins compatible for Editor in 29.20 ms, found 3 plugins.
Preloading 0 native plugins for Editor in 0.00 ms.
Initialize engine version: 2020.3.13f1 (71691879b7f5)
[Subsystems] Discovering subsystems at path C:/Program Files/Unity/Hub/Editor/2020.3.13f1/Editor/Data/Resources/UnitySubsystems
[Subsystems] Discovering subsystems at path D:/Game Developing/TankWar/Assets
GfxDevice: creating device client; threaded=0
Direct3D:
    Version:  Direct3D 11.0 [level 11.1]
    Renderer: NVIDIA GeForce RTX 3070 (ID=0x2484)
    Vendor:   
    VRAM:     8043 MB
    Driver:   27.21.14.6137
Initialize mono
Mono path[0] = 'C:/Program Files/Unity/Hub/Editor/2020.3.13f1/Editor/Data/Managed'
Mono path[1] = 'C:/Program Files/Unity/Hub/Editor/2020.3.13f1/Editor/Data/MonoBleedingEdge/lib/mono/unityjit'
Mono config path = 'C:/Program Files/Unity/Hub/Editor/2020.3.13f1/Editor/Data/MonoBleedingEdge/etc'
Using monoOptions --debugger-agent=transport=dt_socket,embedding=1,server=y,suspend=n,address=127.0.0.1:56576
Begin MonoManager ReloadAssembly
Registering precompiled unity dll's ...
Register platform support module: C:/Program Files/Unity/Hub/Editor/2020.3.13f1/Editor/Data/PlaybackEngines/WindowsStandaloneSupport/UnityEditor.WindowsStandalone.Extensions.dll
Registered in 0.001471 seconds.
Native extension for WindowsStandalone target not found
Refreshing native plugins compatible for Editor in 27.69 ms, found 3 plugins.
Preloading 0 native plugins for Editor in 0.00 ms.
Mono: successfully reloaded assembly
- Completed reload, in  0.772 seconds
Platform modules already initialized, skipping
Registering precompiled user dll's ...
Registered in 0.002081 seconds.
Begin MonoManager ReloadAssembly
Native extension for WindowsStandalone target not found
Refreshing native plugins compatible for Editor in 31.90 ms, found 3 plugins.
Preloading 0 native plugins for Editor in 0.00 ms.
Mono: successfully reloaded assembly
- Completed reload, in  0.764 seconds
Platform modules already initialized, skipping
========================================================================
Worker process is ready to serve import requests
Launched and connected shader compiler UnityShaderCompiler.exe after 0.03 seconds
Refreshing native plugins compatible for Editor in 0.42 ms, found 3 plugins.
Preloading 0 native plugins for Editor in 0.00 ms.
Unloading 2084 Unused Serialized files (Serialized files now loaded: 0)
System memory in use before: 92.9 MB.
System memory in use after: 92.8 MB.

Unloading 33 unused Assets to reduce memory usage. Loaded Objects now: 2517.
Total: 1.926200 ms (FindLiveObjects: 0.146600 ms CreateObjectMapping: 0.046500 ms MarkObjects: 1.612500 ms  DeleteObjects: 0.119800 ms)

AssetImportParameters requested are different than current active one (requested -> active):
  custom:framework-win-MediaFoundation: 216162199b28c13a410421893ffa2e32 -> 
  custom:video-decoder-ogg-theora: a1e56fd34408186e4bbccfd4996cb3dc -> 
  custom:container-muxer-webm: aa71ff27fc2769a1b78a27578f13a17b -> 
  custom:container-demuxer-webm: 4f35f7cbe854078d1ac9338744f61a02 -> 
  custom:container-demuxer-ogg: 62fdf1f143b41e24485cea50d1cbac27 -> 
  custom:video-encoder-webm-vp8: eb34c28f22e8b96e1ab97ce403110664 -> 
  custom:video-codec-MediaFoundation-h265: 746d11721c4dcdbdad8f713fa42b33f4 -> 
  custom:video-decoder-webm-vp8: 9c59270c3fd7afecdb556c50c9e8de78 -> 
  custom:audio-decoder-ogg-vorbis: bf7c407c2cedff20999df2af8eb42d56 -> 
  custom:audio-encoder-webm-vorbis: bf7c407c2cedff20999df2af8eb42d56 -> 
========================================================================
Received Import Request.
  path: Assets/Scenes
  artifactKey: Guid(0d3f498288e3c2e4c9a9c98edfb4766a) Importer(815301076,1909f56bfc062723c751e8b465ee728b)
Start importing Assets/Scenes using Guid(0d3f498288e3c2e4c9a9c98edfb4766a) Importer(815301076,1909f56bfc062723c751e8b465ee728b)  -> (artifact id: 'ab66fff0a746b74f111c06cd577f8b09') in 0.007138 seconds 
  Import took 0.024494 seconds .

========================================================================
Received Import Request.
  Time since last request: 118.310787 seconds.
  path: Assets/GameResource
  artifactKey: Guid(99a6935ba72f0c04e91aa5406607730a) Importer(815301076,1909f56bfc062723c751e8b465ee728b)
Start importing Assets/GameResource using Guid(99a6935ba72f0c04e91aa5406607730a) Importer(815301076,1909f56bfc062723c751e8b465ee728b)  -> (artifact id: '0c0ce5597749e199b21636cb92538381') in 0.002137 seconds 
  Import took 0.005705 seconds .

========================================================================
Received Import Request.
  Time since last request: 1.573487 seconds.
  path: Assets/GameResource/AudioSource
  artifactKey: Guid(7cf3478248fef1f4f8f50a58a8ce0d45) Importer(815301076,1909f56bfc062723c751e8b465ee728b)
Start importing Assets/GameResource/AudioSource using Guid(7cf3478248fef1f4f8f50a58a8ce0d45) Importer(815301076,1909f56bfc062723c751e8b465ee728b)  -> (artifact id: '32a460401621b71bc036404202798088') in 0.001588 seconds 
  Import took 0.004532 seconds .

========================================================================
Received Import Request.
  Time since last request: 0.129887 seconds.
  path: Assets/GameResource/AudioSource/Die.aif
  artifactKey: Guid(41660860d05dbdf49b3c8da6332a4ef9) Importer(815301076,1909f56bfc062723c751e8b465ee728b)
Start importing Assets/GameResource/AudioSource/Die.aif using Guid(41660860d05dbdf49b3c8da6332a4ef9) Importer(815301076,1909f56bfc062723c751e8b465ee728b)  -> (artifact id: '71e1007b6ccde550bd27eb19abe7d713') in 0.084651 seconds 
  Import took 0.087807 seconds .

========================================================================
Received Import Request.
  Time since last request: 0.000188 seconds.
  path: Assets/GameResource/AudioSource/HeartDamage.aif
  artifactKey: Guid(50300ee9c0208744cbfd15486777f40a) Importer(815301076,1909f56bfc062723c751e8b465ee728b)
Start importing Assets/GameResource/AudioSource/HeartDamage.aif using Guid(50300ee9c0208744cbfd15486777f40a) Importer(815301076,1909f56bfc062723c751e8b465ee728b)  -> (artifact id: 'b391691dd1ed1477e830cce92ab9989d') in 0.008199 seconds 
  Import took 0.011015 seconds .

========================================================================
Received Import Request.
  Time since last request: 0.000264 seconds.
  path: Assets/GameResource/AudioSource/Start.wav
  artifactKey: Guid(17edce2214dd311489c133cdafd09a9a) Importer(815301076,1909f56bfc062723c751e8b465ee728b)
Start importing Assets/GameResource/AudioSource/Start.wav using Guid(17edce2214dd311489c133cdafd09a9a) Importer(815301076,1909f56bfc062723c751e8b465ee728b)  -> (artifact id: '18dc8e022ed61eb78e9a28ae3fc1a5da') in 0.079349 seconds 
  Import took 0.087882 seconds .

========================================================================
Received Import Request.
  Time since last request: 0.000494 seconds.
  path: Assets/GameResource/AudioSource/Fire.wav
  artifactKey: Guid(4b4363003d904624f89fb930c3522b7e) Importer(815301076,1909f56bfc062723c751e8b465ee728b)
Start importing Assets/GameResource/AudioSource/Fire.wav using Guid(4b4363003d904624f89fb930c3522b7e) Importer(815301076,1909f56bfc062723c751e8b465ee728b)  -> (artifact id: 'f3c51bd53eddb75f4b438e177c228c6e') in 0.008601 seconds 
  Import took 0.029123 seconds .

========================================================================
Received Import Request.
  Time since last request: 0.000261 seconds.
  path: Assets/GameResource/AudioSource/Explosion.wav
  artifactKey: Guid(efd01a624bf1d3c4397c99fabc2c3118) Importer(815301076,1909f56bfc062723c751e8b465ee728b)
Start importing Assets/GameResource/AudioSource/Explosion.wav using Guid(efd01a624bf1d3c4397c99fabc2c3118) Importer(815301076,1909f56bfc062723c751e8b465ee728b)  -> (artifact id: 'cf37528793e93bd1d500454e76a908d1') in 0.009037 seconds 
  Import took 0.012074 seconds .

========================================================================
Received Import Request.
  Time since last request: 0.000196 seconds.
  path: Assets/GameResource/AudioSource/GetBonus.wav
  artifactKey: Guid(78ea59a2d35da144c983105394d01c64) Importer(815301076,1909f56bfc062723c751e8b465ee728b)
Start importing Assets/GameResource/AudioSource/GetBonus.wav using Guid(78ea59a2d35da144c983105394d01c64) Importer(815301076,1909f56bfc062723c751e8b465ee728b)  -> (artifact id: '7893144db033fc2c13d6221bd60b28b0') in 0.007798 seconds 
  Import took 0.011689 seconds .

========================================================================
Received Import Request.
  Time since last request: 0.000350 seconds.
  path: Assets/GameResource/AudioSource/Hit.wav
  artifactKey: Guid(a36f2278a85dfc8458b569c2b95bacb6) Importer(815301076,1909f56bfc062723c751e8b465ee728b)
Start importing Assets/GameResource/AudioSource/Hit.wav using Guid(a36f2278a85dfc8458b569c2b95bacb6) Importer(815301076,1909f56bfc062723c751e8b465ee728b)  -> (artifact id: 'e543dfdf63d60d7e3c014061092ae29b') in 0.008074 seconds 
  Import took 0.015216 seconds .

========================================================================
Received Import Request.
  Time since last request: 0.000248 seconds.
  path: Assets/GameResource/AudioSource/EngineIdle.aif
  artifactKey: Guid(c5cfdb88353725d4e80bb5a486606c9e) Importer(815301076,1909f56bfc062723c751e8b465ee728b)
Start importing Assets/GameResource/AudioSource/EngineIdle.aif using Guid(c5cfdb88353725d4e80bb5a486606c9e) Importer(815301076,1909f56bfc062723c751e8b465ee728b)  -> (artifact id: 'b79d2c6f95cb15e685236dda64d4f8e1') in 0.009543 seconds 
  Import took 0.013152 seconds .

========================================================================
Received Import Request.
  Time since last request: 0.000229 seconds.
  path: Assets/GameResource/AudioSource/EngineDriving.aif
  artifactKey: Guid(9e338ba8c87e0ba4aaf9d88ae7141118) Importer(815301076,1909f56bfc062723c751e8b465ee728b)
Start importing Assets/GameResource/AudioSource/EngineDriving.aif using Guid(9e338ba8c87e0ba4aaf9d88ae7141118) Importer(815301076,1909f56bfc062723c751e8b465ee728b)  -> (artifact id: 'ad5bde664e47a0662239775b59a3df68') in 0.009900 seconds 
  Import took 0.012935 seconds .

